
/home/runner/work/exp-method-factor-duct-iitkgp/exp-method-factor-duct-iitkgp/experiment/simulation/js/jquery-1.7.1.min.js
  2:820    warning  Empty block statement                                            no-empty
  2:877    warning  Empty block statement                                            no-empty
  2:4720   warning  'b' is defined but never used                                    no-unused-vars
  2:5126   warning  'd' is defined but never used                                    no-unused-vars
  2:5302   warning  'd' is defined but never used                                    no-unused-vars
  2:6027   warning  Empty block statement                                            no-empty
  2:6428   warning  Unnecessary escape character: \-                                 no-useless-escape
  2:6523   warning  Unnecessary escape character: \/                                 no-useless-escape
  2:6608   warning  Unnecessary escape character: \-                                 no-useless-escape
  2:6658   warning  Unnecessary escape character: \/                                 no-useless-escape
  2:6697   warning  Unnecessary escape character: \/                                 no-useless-escape
  2:10196  warning  Empty block statement                                            no-empty
  2:11255  warning  'ActiveXObject' is not defined                                   no-undef
  2:14574  warning  'i' is defined but never used                                    no-unused-vars
  2:16984  warning  'h' is assigned a value but never used                           no-unused-vars
  2:17279  warning  'm' is defined but never used                                    no-unused-vars
  2:17312  warning  'r' is assigned a value but never used                           no-unused-vars
  2:19399  warning  'g' is defined but never used                                    no-unused-vars
  2:21309  warning  Redundant double negation                                        no-extra-boolean-cast
  2:21836  warning  Redundant double negation                                        no-extra-boolean-cast
  2:24565  warning  'c' is assigned a value but never used                           no-unused-vars
  2:24675  warning  Expected a conditional expression and instead saw an assignment  no-cond-assign
  2:25416  warning  Empty block statement                                            no-empty
  2:26513  warning  Expected a conditional expression and instead saw an assignment  no-cond-assign
  2:26963  warning  Redundant double negation                                        no-extra-boolean-cast
  2:31862  warning  Unnecessary escape character: \.                                 no-useless-escape
  2:31999  warning  Unnecessary escape character: \-                                 no-useless-escape
  2:32015  warning  Unnecessary escape character: \-                                 no-useless-escape
  3:56     warning  'q' is defined but never used                                    no-unused-vars
  3:3638   warning  't' is defined but never used                                    no-unused-vars
  3:7367   warning  'g' is assigned a value but never used                           no-unused-vars
  3:11980  warning  Unnecessary escape character: \[                                 no-useless-escape
  3:12006  warning  Unnecessary escape character: \[                                 no-useless-escape
  3:12031  warning  Unnecessary escape character: \[                                 no-useless-escape
  3:13787  warning  Expected a conditional expression and instead saw an assignment  no-cond-assign
  3:15016  warning  Expected a conditional expression and instead saw an assignment  no-cond-assign
  3:15136  warning  Unnecessary escape character: \-                                 no-useless-escape
  3:15177  warning  Unnecessary escape character: \-                                 no-useless-escape
  3:15227  warning  Unnecessary escape character: \-                                 no-useless-escape
  3:15277  warning  Unnecessary escape character: \-                                 no-useless-escape
  3:15341  warning  Unnecessary escape character: \-                                 no-useless-escape
  3:15388  warning  Unnecessary escape character: \*                                 no-useless-escape
  3:15390  warning  Unnecessary escape character: \-                                 no-useless-escape
  3:15460  warning  Unnecessary escape character: \-                                 no-useless-escape
  3:15473  warning  Unnecessary escape character: \-                                 no-useless-escape
  3:15491  warning  Unnecessary escape character: \-                                 no-useless-escape
  3:15572  warning  Unnecessary escape character: \-                                 no-useless-escape
  3:15609  warning  Unnecessary escape character: \-                                 no-useless-escape
  3:15639  warning  Unnecessary escape character: \)                                 no-useless-escape
  3:15648  warning  Unnecessary escape character: \(                                 no-useless-escape
  3:15650  warning  Unnecessary escape character: \)                                 no-useless-escape
  3:15970  warning  Expected a conditional expression and instead saw an assignment  no-cond-assign
  3:17350  warning  'b' is defined but never used                                    no-unused-vars
  3:17505  warning  Unnecessary escape character: \-                                 no-useless-escape
  3:20157  warning  'h' is defined but never used                                    no-unused-vars
  3:20213  warning  Expected a conditional expression and instead saw an assignment  no-cond-assign
  3:20288  warning  Expected a 'break' statement before 'case'                       no-fallthrough
  3:20305  warning  Expected a conditional expression and instead saw an assignment  no-cond-assign
  3:21442  warning  Unnecessary escape character: \[                                 no-useless-escape
  3:21454  warning  Unnecessary escape character: \(                                 no-useless-escape
  3:23990  warning  Unnecessary escape character: \-                                 no-useless-escape
  3:24003  warning  Unnecessary escape character: \-                                 no-useless-escape
  3:24412  warning  Empty block statement                                            no-empty
  3:24694  warning  Empty block statement                                            no-empty
  3:25075  warning  Unnecessary escape character: \=                                 no-useless-escape
  3:25256  warning  Empty block statement                                            no-empty
  3:26114  warning  Expected a conditional expression and instead saw an assignment  no-cond-assign
  3:26509  warning  Unnecessary escape character: \[                                 no-useless-escape
  3:26511  warning  Unnecessary escape character: \.                                 no-useless-escape
  3:29597  warning  'd' is defined but never used                                    no-unused-vars
  3:30269  warning  Unnecessary escape character: \-                                 no-useless-escape
  3:30271  warning  Unnecessary escape character: \-                                 no-useless-escape
  4:5068   warning  Unnecessary escape character: \-                                 no-useless-escape
  4:5076   warning  Unnecessary escape character: \-                                 no-useless-escape
  4:6100   warning  Empty block statement                                            no-empty
  4:8493   warning  Unnecessary escape character: \-                                 no-useless-escape
  4:8505   warning  Unnecessary escape character: \-                                 no-useless-escape
  4:8697   warning  Unnecessary escape character: \+                                 no-useless-escape
  4:8699   warning  Unnecessary escape character: \.                                 no-useless-escape
  4:8701   warning  Unnecessary escape character: \-                                 no-useless-escape
  4:8717   warning  Unnecessary escape character: \/                                 no-useless-escape
  4:9799   warning  'c' is defined but never used                                    no-unused-vars
  4:11116  warning  Expected a conditional expression and instead saw an assignment  no-cond-assign
  4:11178  warning  Expected a conditional expression and instead saw an assignment  no-cond-assign
  4:12065  warning  Expected a conditional expression and instead saw an assignment  no-cond-assign
  4:14424  warning  Unnecessary escape character: \=                                 no-useless-escape
  4:16789  warning  Empty block statement                                            no-empty
  4:17420  warning  Unnecessary escape character: \-                                 no-useless-escape
  4:17432  warning  Unnecessary escape character: \-                                 no-useless-escape
  4:24520  warning  Empty block statement                                            no-empty
  4:25630  warning  'e' is assigned a value but never used                           no-unused-vars
  4:28559  warning  'define' is not defined                                          no-undef
  4:28571  warning  'define' is not defined                                          no-undef
  4:28590  warning  'define' is not defined                                          no-undef

/home/runner/work/exp-method-factor-duct-iitkgp/exp-method-factor-duct-iitkgp/experiment/simulation/js/main.js
    8:2   warning  '$' is not defined                                no-undef
    9:26  warning  '$' is not defined                                no-undef
   15:5   warning  '$' is not defined                                no-undef
   16:5   warning  '$' is not defined                                no-undef
   23:2   warning  '$' is not defined                                no-undef
   46:4   warning  '$' is not defined                                no-undef
   61:4   warning  '$' is not defined                                no-undef
   65:2   warning  '$' is not defined                                no-undef
   68:3   warning  '$' is not defined                                no-undef
   69:3   warning  '$' is not defined                                no-undef
   73:25  warning  '$' is not defined                                no-undef
   74:30  warning  '$' is not defined                                no-undef
   75:30  warning  '$' is not defined                                no-undef
   76:30  warning  '$' is not defined                                no-undef
   77:3   warning  '$' is not defined                                no-undef
   84:3   warning  '$' is not defined                                no-undef
   89:2   warning  '$' is not defined                                no-undef
   90:3   warning  '$' is not defined                                no-undef
   91:3   warning  '$' is not defined                                no-undef
   92:3   warning  '$' is not defined                                no-undef
   97:2   warning  '$' is not defined                                no-undef
  110:4   warning  '$' is not defined                                no-undef
  111:4   warning  '$' is not defined                                no-undef
  113:8   warning  'velocity' is already defined                     no-redeclare
  123:4   warning  '$' is not defined                                no-undef
  124:4   warning  '$' is not defined                                no-undef
  126:8   warning  'velocity' is already defined                     no-redeclare
  136:4   warning  '$' is not defined                                no-undef
  137:4   warning  '$' is not defined                                no-undef
  138:4   warning  '$' is not defined                                no-undef
  139:4   warning  '$' is not defined                                no-undef
  140:4   warning  '$' is not defined                                no-undef
  146:2   warning  '$' is not defined                                no-undef
  148:3   warning  '$' is not defined                                no-undef
  149:3   warning  '$' is not defined                                no-undef
  150:35  warning  '$' is not defined                                no-undef
  150:65  warning  '$' is not defined                                no-undef
  150:95  warning  '$' is not defined                                no-undef
  151:3   warning  '$' is not defined                                no-undef
  155:8   warning  'local2' is assigned a value but never used       no-unused-vars
  164:3   warning  '$' is not defined                                no-undef
  166:3   warning  '$' is not defined                                no-undef
  170:2   warning  '$' is not defined                                no-undef
  171:3   warning  '$' is not defined                                no-undef
  172:3   warning  '$' is not defined                                no-undef
  174:27  warning  '$' is not defined                                no-undef
  176:27  warning  '$' is not defined                                no-undef
  178:3   warning  '$' is not defined                                no-undef
  181:3   warning  '$' is not defined                                no-undef
  183:3   warning  '$' is not defined                                no-undef
  187:2   warning  '$' is not defined                                no-undef
  188:3   warning  '$' is not defined                                no-undef
  189:25  warning  '$' is not defined                                no-undef
  189:54  warning  '$' is not defined                                no-undef
  189:83  warning  '$' is not defined                                no-undef
  190:3   warning  '$' is not defined                                no-undef
  196:4   warning  '$' is not defined                                no-undef
  198:4   warning  '$' is not defined                                no-undef
  204:2   warning  '$' is not defined                                no-undef
  205:3   warning  '$' is not defined                                no-undef
  208:24  warning  'top' is already defined                          no-redeclare
  209:24  warning  'top' is already defined                          no-redeclare
  210:3   warning  '$' is not defined                                no-undef
  217:5   warning  'rows' is defined but never used                  no-unused-vars
  218:5   warning  'dataPointai' is assigned a value but never used  no-unused-vars
  221:10  warning  'showgraph' is defined but never used             no-unused-vars
  223:1   warning  Mixed spaces and tabs                             no-mixed-spaces-and-tabs
  228:1   warning  Mixed spaces and tabs                             no-mixed-spaces-and-tabs
  247:3   warning  'Plotly' is not defined                           no-undef
  254:10  warning  'bestshowgraph' is defined but never used         no-unused-vars
  261:2   warning  Mixed spaces and tabs                             no-mixed-spaces-and-tabs
  273:1   warning  Mixed spaces and tabs                             no-mixed-spaces-and-tabs
  274:1   warning  Mixed spaces and tabs                             no-mixed-spaces-and-tabs
  280:1   warning  Mixed spaces and tabs                             no-mixed-spaces-and-tabs
  281:1   warning  Mixed spaces and tabs                             no-mixed-spaces-and-tabs
  282:1   warning  Mixed spaces and tabs                             no-mixed-spaces-and-tabs
  286:1   warning  Mixed spaces and tabs                             no-mixed-spaces-and-tabs
  287:1   warning  Mixed spaces and tabs                             no-mixed-spaces-and-tabs
  288:1   warning  Mixed spaces and tabs                             no-mixed-spaces-and-tabs
  288:4   warning  'Plotly' is not defined                           no-undef
  289:1   warning  Mixed spaces and tabs                             no-mixed-spaces-and-tabs

/home/runner/work/exp-method-factor-duct-iitkgp/exp-method-factor-duct-iitkgp/experiment/simulation/js/modernizr-1.5.min.js
  12:496  warning  Expected a conditional expression and instead saw an assignment  no-cond-assign
  20:134  warning  Unexpected constant condition                                    no-constant-condition
  25:51   warning  Expected a conditional expression and instead saw an assignment  no-cond-assign

✖ 178 problems (0 errors, 178 warnings)
  0 errors and 3 warnings potentially fixable with the `--fix` option.

